# JRE version: OpenJDK Runtime Environment Temurin-17.0.10+7 (17.0.10+7) (build 17.0.10+7)
# Java VM: OpenJDK 64-Bit Server VM Temurin-17.0.10+7 (17.0.10+7, mixed mode, tiered, compressed oops, compressed class ptrs, parallel gc, windows-amd64)
GC Precious Log:
 CPUs: 2 total, 2 available
 Memory: 2047M
 Large Page Support: Disabled
 NUMA Support: Disabled
 Compressed Oops: Enabled (32-bit)
 Alignments: Space 512K, Generation 512K, Heap 2M
 Heap Min Capacity: 100M
 Heap Initial Capacity: 100M
 Heap Max Capacity: 1G
 Pre-touch: Disabled
 Parallel Workers: 2
Heap:
 PSYoungGen      total 48128K, used 25832K [0x00000000eab00000, 0x00000000ee180000, 0x0000000100000000)
  eden space 46592K, 52% used [0x00000000eab00000,0x00000000ec2bdeb0,0x00000000ed880000)
  from space 1536K, 99% used [0x00000000edc00000,0x00000000edd7c2d0,0x00000000edd80000)
  to   space 3584K, 0% used [0x00000000ed880000,0x00000000ed880000,0x00000000edc00000)
 ParOldGen       total 699392K, used 373404K [0x00000000c0000000, 0x00000000eab00000, 0x00000000eab00000)
  object space 699392K, 53% used [0x00000000c0000000,0x00000000d6ca73d0,0x00000000eab00000)
 Metaspace       used 71387K, committed 72576K, reserved 1114112K
  class space    used 7598K, committed 8128K, reserved 1048576K
GC Heap History (20 events):
Event: 104.179 GC heap before
{Heap before GC invocations=273 (full 39):
 PSYoungGen      total 50176K, used 50080K [0x00000000eab00000, 0x00000000edc80000, 0x0000000100000000)
  eden space 49664K, 100% used [0x00000000eab00000,0x00000000edb80000,0x00000000edb80000)
  from space 512K, 81% used [0x00000000edc00000,0x00000000edc68090,0x00000000edc80000)
  to   space 512K, 0% used [0x00000000edb80000,0x00000000edb80000,0x00000000edc00000)
 ParOldGen       total 699392K, used 370827K [0x00000000c0000000, 0x00000000eab00000, 0x00000000eab00000)
  object space 699392K, 53% used [0x00000000c0000000,0x00000000d6a22fd8,0x00000000eab00000)
 Metaspace       used 67395K, committed 68544K, reserved 1114112K
  class space    used 7191K, committed 7680K, reserved 1048576K
}
Event: 104.188 GC heap after
{Heap after GC invocations=273 (full 39):
 PSYoungGen      total 50176K, used 384K [0x00000000eab00000, 0x00000000edc80000, 0x0000000100000000)
  eden space 49664K, 0% used [0x00000000eab00000,0x00000000eab00000,0x00000000edb80000)
  from space 512K, 75% used [0x00000000edb80000,0x00000000edbe0080,0x00000000edc00000)
  to   space 512K, 0% used [0x00000000edc00000,0x00000000edc00000,0x00000000edc80000)
 ParOldGen       total 699392K, used 370851K [0x00000000c0000000, 0x00000000eab00000, 0x00000000eab00000)
  object space 699392K, 53% used [0x00000000c0000000,0x00000000d6a28fd8,0x00000000eab00000)
 Metaspace       used 67395K, committed 68544K, reserved 1114112K
  class space    used 7191K, committed 7680K, reserved 1048576K
}
Event: 104.360 GC heap before
{Heap before GC invocations=274 (full 39):
 PSYoungGen      total 50176K, used 50048K [0x00000000eab00000, 0x00000000edc80000, 0x0000000100000000)
  eden space 49664K, 100% used [0x00000000eab00000,0x00000000edb80000,0x00000000edb80000)
  from space 512K, 75% used [0x00000000edb80000,0x00000000edbe0080,0x00000000edc00000)
  to   space 512K, 0% used [0x00000000edc00000,0x00000000edc00000,0x00000000edc80000)
 ParOldGen       total 699392K, used 370851K [0x00000000c0000000, 0x00000000eab00000, 0x00000000eab00000)
  object space 699392K, 53% used [0x00000000c0000000,0x00000000d6a28fd8,0x00000000eab00000)
 Metaspace       used 67395K, committed 68544K, reserved 1114112K
  class space    used 7191K, committed 7680K, reserved 1048576K
}
Event: 104.374 GC heap after
{Heap after GC invocations=274 (full 39):
 PSYoungGen      total 50176K, used 416K [0x00000000eab00000, 0x00000000edc80000, 0x0000000100000000)
  eden space 49664K, 0% used [0x00000000eab00000,0x00000000eab00000,0x00000000edb80000)
  from space 512K, 81% used [0x00000000edc00000,0x00000000edc68090,0x00000000edc80000)
  to   space 512K, 0% used [0x00000000edb80000,0x00000000edb80000,0x00000000edc00000)
 ParOldGen       total 699392K, used 370875K [0x00000000c0000000, 0x00000000eab00000, 0x00000000eab00000)
  object space 699392K, 53% used [0x00000000c0000000,0x00000000d6a2efd8,0x00000000eab00000)
 Metaspace       used 67395K, committed 68544K, reserved 1114112K
  class space    used 7191K, committed 7680K, reserved 1048576K
}
Event: 105.263 GC heap before
{Heap before GC invocations=275 (full 39):
 PSYoungGen      total 50176K, used 50080K [0x00000000eab00000, 0x00000000edc80000, 0x0000000100000000)
  eden space 49664K, 100% used [0x00000000eab00000,0x00000000edb80000,0x00000000edb80000)
  from space 512K, 81% used [0x00000000edc00000,0x00000000edc68090,0x00000000edc80000)
  to   space 512K, 0% used [0x00000000edb80000,0x00000000edb80000,0x00000000edc00000)
 ParOldGen       total 699392K, used 370875K [0x00000000c0000000, 0x00000000eab00000, 0x00000000eab00000)
  object space 699392K, 53% used [0x00000000c0000000,0x00000000d6a2efd8,0x00000000eab00000)
 Metaspace       used 67415K, committed 68608K, reserved 1114112K
  class space    used 7191K, committed 7680K, reserved 1048576K
}
Event: 105.279 GC heap after
{Heap after GC invocations=275 (full 39):
 PSYoungGen      total 50176K, used 416K [0x00000000eab00000, 0x00000000edc80000, 0x0000000100000000)
  eden space 49664K, 0% used [0x00000000eab00000,0x00000000eab00000,0x00000000edb80000)
  from space 512K, 81% used [0x00000000edb80000,0x00000000edbe8090,0x00000000edc00000)
  to   space 512K, 0% used [0x00000000edc00000,0x00000000edc00000,0x00000000edc80000)
 ParOldGen       total 699392K, used 370883K [0x00000000c0000000, 0x00000000eab00000, 0x00000000eab00000)
  object space 699392K, 53% used [0x00000000c0000000,0x00000000d6a30fd8,0x00000000eab00000)
 Metaspace       used 67415K, committed 68608K, reserved 1114112K
  class space    used 7191K, committed 7680K, reserved 1048576K
}
Event: 105.445 GC heap before
{Heap before GC invocations=276 (full 39):
 PSYoungGen      total 50176K, used 50080K [0x00000000eab00000, 0x00000000edc80000, 0x0000000100000000)
  eden space 49664K, 100% used [0x00000000eab00000,0x00000000edb80000,0x00000000edb80000)
  from space 512K, 81% used [0x00000000edb80000,0x00000000edbe8090,0x00000000edc00000)
  to   space 512K, 0% used [0x00000000edc00000,0x00000000edc00000,0x00000000edc80000)
 ParOldGen       total 699392K, used 370883K [0x00000000c0000000, 0x00000000eab00000, 0x00000000eab00000)
  object space 699392K, 53% used [0x00000000c0000000,0x00000000d6a30fd8,0x00000000eab00000)
 Metaspace       used 67415K, committed 68608K, reserved 1114112K
  class space    used 7191K, committed 7680K, reserved 1048576K
}
Event: 105.475 GC heap after
{Heap after GC invocations=276 (full 39):
 PSYoungGen      total 50176K, used 352K [0x00000000eab00000, 0x00000000edc80000, 0x0000000100000000)
  eden space 49664K, 0% used [0x00000000eab00000,0x00000000eab00000,0x00000000edb80000)
  from space 512K, 68% used [0x00000000edc00000,0x00000000edc58080,0x00000000edc80000)
  to   space 512K, 0% used [0x00000000edb80000,0x00000000edb80000,0x00000000edc00000)
 ParOldGen       total 699392K, used 370907K [0x00000000c0000000, 0x00000000eab00000, 0x00000000eab00000)
  object space 699392K, 53% used [0x00000000c0000000,0x00000000d6a36fd8,0x00000000eab00000)
 Metaspace       used 67415K, committed 68608K, reserved 1114112K
  class space    used 7191K, committed 7680K, reserved 1048576K
}
Event: 106.146 GC heap before
{Heap before GC invocations=277 (full 39):
 PSYoungGen      total 50176K, used 50016K [0x00000000eab00000, 0x00000000edc80000, 0x0000000100000000)
  eden space 49664K, 100% used [0x00000000eab00000,0x00000000edb80000,0x00000000edb80000)
  from space 512K, 68% used [0x00000000edc00000,0x00000000edc58080,0x00000000edc80000)
  to   space 512K, 0% used [0x00000000edb80000,0x00000000edb80000,0x00000000edc00000)
 ParOldGen       total 699392K, used 370907K [0x00000000c0000000, 0x00000000eab00000, 0x00000000eab00000)
  object space 699392K, 53% used [0x00000000c0000000,0x00000000d6a36fd8,0x00000000eab00000)
 Metaspace       used 67417K, committed 68608K, reserved 1114112K
  class space    used 7191K, committed 7680K, reserved 1048576K
}
Event: 106.156 GC heap after
{Heap after GC invocations=277 (full 39):
 PSYoungGen      total 50176K, used 416K [0x00000000eab00000, 0x00000000edc80000, 0x0000000100000000)
  eden space 49664K, 0% used [0x00000000eab00000,0x00000000eab00000,0x00000000edb80000)
  from space 512K, 81% used [0x00000000edb80000,0x00000000edbe8090,0x00000000edc00000)
  to   space 512K, 0% used [0x00000000edc00000,0x00000000edc00000,0x00000000edc80000)
 ParOldGen       total 699392K, used 370915K [0x00000000c0000000, 0x00000000eab00000, 0x00000000eab00000)
  object space 699392K, 53% used [0x00000000c0000000,0x00000000d6a38fd8,0x00000000eab00000)
 Metaspace       used 67417K, committed 68608K, reserved 1114112K
  class space    used 7191K, committed 7680K, reserved 1048576K
}
Event: 106.221 GC heap before
{Heap before GC invocations=278 (full 39):
 PSYoungGen      total 50176K, used 50080K [0x00000000eab00000, 0x00000000edc80000, 0x0000000100000000)
  eden space 49664K, 100% used [0x00000000eab00000,0x00000000edb80000,0x00000000edb80000)
  from space 512K, 81% used [0x00000000edb80000,0x00000000edbe8090,0x00000000edc00000)
  to   space 512K, 0% used [0x00000000edc00000,0x00000000edc00000,0x00000000edc80000)
 ParOldGen       total 699392K, used 370915K [0x00000000c0000000, 0x00000000eab00000, 0x00000000eab00000)
  object space 699392K, 53% used [0x00000000c0000000,0x00000000d6a38fd8,0x00000000eab00000)
 Metaspace       used 67417K, committed 68608K, reserved 1114112K
  class space    used 7191K, committed 7680K, reserved 1048576K
}
Event: 106.244 GC heap after
{Heap after GC invocations=278 (full 39):
 PSYoungGen      total 50176K, used 352K [0x00000000eab00000, 0x00000000edc80000, 0x0000000100000000)
  eden space 49664K, 0% used [0x00000000eab00000,0x00000000eab00000,0x00000000edb80000)
  from space 512K, 68% used [0x00000000edc00000,0x00000000edc58070,0x00000000edc80000)
  to   space 512K, 0% used [0x00000000edb80000,0x00000000edb80000,0x00000000edc00000)
 ParOldGen       total 699392K, used 370931K [0x00000000c0000000, 0x00000000eab00000, 0x00000000eab00000)
  object space 699392K, 53% used [0x00000000c0000000,0x00000000d6a3cfd8,0x00000000eab00000)
 Metaspace       used 67417K, committed 68608K, reserved 1114112K
  class space    used 7191K, committed 7680K, reserved 1048576K
}
Event: 107.637 GC heap before
{Heap before GC invocations=279 (full 39):
 PSYoungGen      total 50176K, used 50016K [0x00000000eab00000, 0x00000000edc80000, 0x0000000100000000)
  eden space 49664K, 100% used [0x00000000eab00000,0x00000000edb80000,0x00000000edb80000)
  from space 512K, 68% used [0x00000000edc00000,0x00000000edc58070,0x00000000edc80000)
  to   space 512K, 0% used [0x00000000edb80000,0x00000000edb80000,0x00000000edc00000)
 ParOldGen       total 699392K, used 370931K [0x00000000c0000000, 0x00000000eab00000, 0x00000000eab00000)
  object space 699392K, 53% used [0x00000000c0000000,0x00000000d6a3cfd8,0x00000000eab00000)
 Metaspace       used 67429K, committed 68608K, reserved 1114112K
  class space    used 7191K, committed 7680K, reserved 1048576K
}
Event: 107.643 GC heap after
{Heap after GC invocations=279 (full 39):
 PSYoungGen      total 50176K, used 96K [0x00000000eab00000, 0x00000000edc80000, 0x0000000100000000)
  eden space 49664K, 0% used [0x00000000eab00000,0x00000000eab00000,0x00000000edb80000)
  from space 512K, 18% used [0x00000000edb80000,0x00000000edb98000,0x00000000edc00000)
  to   space 512K, 0% used [0x00000000edc00000,0x00000000edc00000,0x00000000edc80000)
 ParOldGen       total 699392K, used 370939K [0x00000000c0000000, 0x00000000eab00000, 0x00000000eab00000)
  object space 699392K, 53% used [0x00000000c0000000,0x00000000d6a3efd8,0x00000000eab00000)
 Metaspace       used 67429K, committed 68608K, reserved 1114112K
  class space    used 7191K, committed 7680K, reserved 1048576K
}
Event: 110.102 GC heap before
{Heap before GC invocations=280 (full 39):
 PSYoungGen      total 50176K, used 49760K [0x00000000eab00000, 0x00000000edc80000, 0x0000000100000000)
  eden space 49664K, 100% used [0x00000000eab00000,0x00000000edb80000,0x00000000edb80000)
  from space 512K, 18% used [0x00000000edb80000,0x00000000edb98000,0x00000000edc00000)
  to   space 512K, 0% used [0x00000000edc00000,0x00000000edc00000,0x00000000edc80000)
 ParOldGen       total 699392K, used 370939K [0x00000000c0000000, 0x00000000eab00000, 0x00000000eab00000)
  object space 699392K, 53% used [0x00000000c0000000,0x00000000d6a3efd8,0x00000000eab00000)
 Metaspace       used 68141K, committed 69312K, reserved 1114112K
  class space    used 7266K, committed 7744K, reserved 1048576K
}
Event: 110.112 GC heap after
{Heap after GC invocations=280 (full 39):
 PSYoungGen      total 49152K, used 512K [0x00000000eab00000, 0x00000000ede80000, 0x0000000100000000)
  eden space 48640K, 0% used [0x00000000eab00000,0x00000000eab00000,0x00000000eda80000)
  from space 512K, 100% used [0x00000000edc00000,0x00000000edc80000,0x00000000edc80000)
  to   space 1536K, 0% used [0x00000000eda80000,0x00000000eda80000,0x00000000edc00000)
 ParOldGen       total 699392K, used 371736K [0x00000000c0000000, 0x00000000eab00000, 0x00000000eab00000)
  object space 699392K, 53% used [0x00000000c0000000,0x00000000d6b06048,0x00000000eab00000)
 Metaspace       used 68141K, committed 69312K, reserved 1114112K
  class space    used 7266K, committed 7744K, reserved 1048576K
}
Event: 110.677 GC heap before
{Heap before GC invocations=281 (full 39):
 PSYoungGen      total 49152K, used 49152K [0x00000000eab00000, 0x00000000ede80000, 0x0000000100000000)
  eden space 48640K, 100% used [0x00000000eab00000,0x00000000eda80000,0x00000000eda80000)
  from space 512K, 100% used [0x00000000edc00000,0x00000000edc80000,0x00000000edc80000)
  to   space 1536K, 0% used [0x00000000eda80000,0x00000000eda80000,0x00000000edc00000)
 ParOldGen       total 699392K, used 371736K [0x00000000c0000000, 0x00000000eab00000, 0x00000000eab00000)
  object space 699392K, 53% used [0x00000000c0000000,0x00000000d6b06048,0x00000000eab00000)
 Metaspace       used 68480K, committed 69632K, reserved 1114112K
  class space    used 7309K, committed 7808K, reserved 1048576K
}
Event: 110.683 GC heap after
{Heap after GC invocations=281 (full 39):
 PSYoungGen      total 50176K, used 1421K [0x00000000eab00000, 0x00000000edd80000, 0x0000000100000000)
  eden space 48640K, 0% used [0x00000000eab00000,0x00000000eab00000,0x00000000eda80000)
  from space 1536K, 92% used [0x00000000eda80000,0x00000000edbe3510,0x00000000edc00000)
  to   space 1536K, 0% used [0x00000000edc00000,0x00000000edc00000,0x00000000edd80000)
 ParOldGen       total 699392K, used 371752K [0x00000000c0000000, 0x00000000eab00000, 0x00000000eab00000)
  object space 699392K, 53% used [0x00000000c0000000,0x00000000d6b0a048,0x00000000eab00000)
 Metaspace       used 68480K, committed 69632K, reserved 1114112K
  class space    used 7309K, committed 7808K, reserved 1048576K
}
Event: 112.065 GC heap before
{Heap before GC invocations=282 (full 39):
 PSYoungGen      total 50176K, used 50061K [0x00000000eab00000, 0x00000000edd80000, 0x0000000100000000)
  eden space 48640K, 100% used [0x00000000eab00000,0x00000000eda80000,0x00000000eda80000)
  from space 1536K, 92% used [0x00000000eda80000,0x00000000edbe3510,0x00000000edc00000)
  to   space 1536K, 0% used [0x00000000edc00000,0x00000000edc00000,0x00000000edd80000)
 ParOldGen       total 699392K, used 371752K [0x00000000c0000000, 0x00000000eab00000, 0x00000000eab00000)
  object space 699392K, 53% used [0x00000000c0000000,0x00000000d6b0a048,0x00000000eab00000)
 Metaspace       used 69860K, committed 71104K, reserved 1114112K
  class space    used 7466K, committed 8000K, reserved 1048576K
}
Event: 112.080 GC heap after
{Heap after GC invocations=282 (full 39):
 PSYoungGen      total 48128K, used 1520K [0x00000000eab00000, 0x00000000ee180000, 0x0000000100000000)
  eden space 46592K, 0% used [0x00000000eab00000,0x00000000eab00000,0x00000000ed880000)
  from space 1536K, 99% used [0x00000000edc00000,0x00000000edd7c2d0,0x00000000edd80000)
  to   space 3584K, 0% used [0x00000000ed880000,0x00000000ed880000,0x00000000edc00000)
 ParOldGen       total 699392K, used 373404K [0x00000000c0000000, 0x00000000eab00000, 0x00000000eab00000)
  object space 699392K, 53% used [0x00000000c0000000,0x00000000d6ca73d0,0x00000000eab00000)
 Metaspace       used 69860K, committed 71104K, reserved 1114112K
  class space    used 7466K, committed 8000K, reserved 1048576K
}

